#
# There is insufficient memory for the Java Runtime Environment to continue.
# Native memory allocation (mmap) failed to map 65536 bytes for Failed to commit metaspace.
# Possible reasons:
#   The system is out of physical RAM or swap space
#   The process is running with CompressedOops enabled, and the Java Heap may be blocking the growth of the native heap
# Possible solutions:
#   Reduce memory load on the system
#   Increase physical memory or swap space
#   Check if swap backing store is full
#   Decrease Java heap size (-Xmx/-Xms)
#   Decrease number of Java threads
#   Decrease Java thread stack sizes (-Xss)
#   Set larger code cache with -XX:ReservedCodeCacheSize=
#   JVM is running with Unscaled Compressed Oops mode in which the Java heap is
#     placed in the first 4GB address space. The Java Heap base address is the
#     maximum limit for the native heap growth. Please use -XX:HeapBaseMinAddress
#     to set the Java Heap base and to place the Java Heap above 4GB virtual address.
# This output file may be truncated or incomplete.
#
#  Out of Memory Error (virtualSpaceNode.cpp:110), pid=167392, tid=165828
#
# JRE version: OpenJDK Runtime Environment Temurin-17.0.4.1+1 (17.0.4.1+1) (build 17.0.4.1+1)
# Java VM: OpenJDK 64-Bit Server VM Temurin-17.0.4.1+1 (17.0.4.1+1, mixed mode, tiered, compressed oops, compressed class ptrs, g1 gc, windows-amd64)
# No core dump will be written. Minidumps are not enabled by default on client versions of Windows
#

---------------  S U M M A R Y ------------

Command Line: -Dfile.encoding=UTF-8 --module-path=C:\Users\Wilson\eclipse-workspace\WilsonRodriguez_JuanCamiloMarmolejo_COMPLab5\bin;C:\javafx\javafx-sdk-19\lib\javafx.base.jar;C:\javafx\javafx-sdk-19\lib\javafx.controls.jar;C:\javafx\javafx-sdk-19\lib\javafx.fxml.jar;C:\javafx\javafx-sdk-19\lib\javafx.graphics.jar;C:\javafx\javafx-sdk-19\lib\javafx.media.jar;C:\javafx\javafx-sdk-19\lib\javafx.swing.jar;C:\javafx\javafx-sdk-19\lib\javafx.web.jar;C:\javafx\javafx-sdk-19\lib\javafx-swt.jar;C:\Users\Wilson\.p2\pool\plugins\org.eclipse.fx.ide.css.jfx8_3.8.0.202204150904.jar;C:\Users\Wilson\Downloads\ojdbc6.jar (1)\ojdbc6.jar -XX:+ShowCodeDetailsInExceptionMessages -Djdk.module.main=WilsonRodriguez_JuanCamiloMarmolejo_COMPLab5 WilsonRodriguez_JuanCamiloMarmolejo_COMPLab5/application.Main

Host: Intel(R) Core(TM) i5-9300H CPU @ 2.40GHz, 8 cores, 7G,  Windows 10 , 64 bit Build 19041 (10.0.19041.2251)
Time: Sun Nov 27 22:18:59 2022 Eastern Standard Time elapsed time: 1.214403 seconds (0d 0h 0m 1s)

---------------  T H R E A D  ---------------

Current thread (0x00000225669d80b0):  JavaThread "main" [_thread_in_vm, id=165828, stack(0x00000035e5c00000,0x00000035e5d00000)]

Stack: [0x00000035e5c00000,0x00000035e5d00000]
Native frames: (J=compiled Java code, j=interpreted, Vv=VM code, C=native code)
V  [jvm.dll+0x67731a]
V  [jvm.dll+0x832284]
V  [jvm.dll+0x833a2e]
V  [jvm.dll+0x834093]
V  [jvm.dll+0x245775]
V  [jvm.dll+0x82e22b]
V  [jvm.dll+0x61bdf6]
V  [jvm.dll+0x1c07be]
V  [jvm.dll+0x61e741]
V  [jvm.dll+0x61c796]
V  [jvm.dll+0x239e0f]
V  [jvm.dll+0x6265a5]
V  [jvm.dll+0x1ea5db]
V  [jvm.dll+0x1eab15]
V  [jvm.dll+0x1eb54f]
V  [jvm.dll+0x1e09f1]
V  [jvm.dll+0x53c910]
V  [jvm.dll+0x7ad138]
V  [jvm.dll+0x7ad224]
V  [jvm.dll+0x40ccd5]
V  [jvm.dll+0x412ec8]
C  [java.dll+0x17ec]

Java frames: (J=compiled Java code, j=interpreted, Vv=VM code)
j  java.lang.ClassLoader.defineClass1(Ljava/lang/ClassLoader;Ljava/lang/String;[BIILjava/security/ProtectionDomain;Ljava/lang/String;)Ljava/lang/Class;+0 java.base@17.0.4.1
j  java.lang.ClassLoader.defineClass(Ljava/lang/String;[BIILjava/security/ProtectionDomain;)Ljava/lang/Class;+27 java.base@17.0.4.1
j  java.lang.ClassLoader.defineClass(Ljava/lang/String;Ljava/nio/ByteBuffer;Ljava/security/ProtectionDomain;)Ljava/lang/Class;+38 java.base@17.0.4.1
j  java.security.SecureClassLoader.defineClass(Ljava/lang/String;Ljava/nio/ByteBuffer;Ljava/security/CodeSource;)Ljava/lang/Class;+8 java.base@17.0.4.1
j  jdk.internal.loader.BuiltinClassLoader.defineClass(Ljava/lang/String;Ljdk/internal/loader/BuiltinClassLoader$LoadedModule;)Ljava/lang/Class;+127 java.base@17.0.4.1
j  jdk.internal.loader.BuiltinClassLoader.findClassInModuleOrNull(Ljdk/internal/loader/BuiltinClassLoader$LoadedModule;Ljava/lang/String;)Ljava/lang/Class;+9 java.base@17.0.4.1
j  jdk.internal.loader.BuiltinClassLoader.loadClassOrNull(Ljava/lang/String;Z)Ljava/lang/Class;+55 java.base@17.0.4.1
J 690 c1 jdk.internal.loader.ClassLoaders$AppClassLoader.loadClass(Ljava/lang/String;Z)Ljava/lang/Class; java.base@17.0.4.1 (40 bytes) @ 0x000002256a707474 [0x000002256a706e60+0x0000000000000614]
J 689 c1 java.lang.ClassLoader.loadClass(Ljava/lang/String;)Ljava/lang/Class; java.base@17.0.4.1 (7 bytes) @ 0x000002256a706abc [0x000002256a7069c0+0x00000000000000fc]
v  ~StubRoutines::call_stub
j  java.lang.Class.getDeclaredMethods0(Z)[Ljava/lang/reflect/Method;+0 java.base@17.0.4.1
j  java.lang.Class.privateGetDeclaredMethods(Z)[Ljava/lang/reflect/Method;+34 java.base@17.0.4.1
j  java.lang.Class.getMethodsRecursive(Ljava/lang/String;[Ljava/lang/Class;Z)Ljava/lang/PublicMethods$MethodList;+2 java.base@17.0.4.1
j  java.lang.Class.getMethod0(Ljava/lang/String;[Ljava/lang/Class;)Ljava/lang/reflect/Method;+14 java.base@17.0.4.1
j  java.lang.Class.getMethod(Ljava/lang/String;[Ljava/lang/Class;)Ljava/lang/reflect/Method;+26 java.base@17.0.4.1
j  com.sun.javafx.application.LauncherImpl.launchApplicationWithArgs(Lcom/sun/javafx/application/ModuleAccess;Ljava/lang/String;Ljava/lang/String;[Ljava/lang/String;)V+110 javafx.graphics@19
j  com.sun.javafx.application.LauncherImpl.launchApplication(Ljava/lang/String;Ljava/lang/String;[Ljava/lang/String;)V+483 javafx.graphics@19
v  ~StubRoutines::call_stub
j  jdk.internal.reflect.NativeMethodAccessorImpl.invoke0(Ljava/lang/reflect/Method;Ljava/lang/Object;[Ljava/lang/Object;)Ljava/lang/Object;+0 java.base@17.0.4.1
j  jdk.internal.reflect.NativeMethodAccessorImpl.invoke(Ljava/lang/Object;[Ljava/lang/Object;)Ljava/lang/Object;+133 java.base@17.0.4.1
j  jdk.internal.reflect.DelegatingMethodAccessorImpl.invoke(Ljava/lang/Object;[Ljava/lang/Object;)Ljava/lang/Object;+6 java.base@17.0.4.1
j  java.lang.reflect.Method.invoke(Ljava/lang/Object;[Ljava/lang/Object;)Ljava/lang/Object;+59 java.base@17.0.4.1
j  sun.launcher.LauncherHelper$FXHelper.main([Ljava/lang/String;)V+52 java.base@17.0.4.1
v  ~StubRoutines::call_stub

---------------  P R O C E S S  ---------------

Threads class SMR info:
_java_thread_list=0x0000022501a20a10, length=16, elements={
0x00000225669d80b0, 0x00000225009427c0, 0x0000022500943b10, 0x000002250095d190,
0x0000022500960300, 0x0000022501451010, 0x000002250145bd30, 0x000002250145d0c0,
0x000002250145e210, 0x0000022501470b70, 0x000002250155c1d0, 0x00000225017e37d0,
0x0000022501a87f20, 0x00000225646e17f0, 0x0000022501a2e2d0, 0x0000022501aea7e0
}

Java Threads: ( => current thread )
=>0x00000225669d80b0 JavaThread "main" [_thread_in_vm, id=165828, stack(0x00000035e5c00000,0x00000035e5d00000)]
  0x00000225009427c0 JavaThread "Reference Handler" daemon [_thread_blocked, id=167676, stack(0x00000035e6300000,0x00000035e6400000)]
  0x0000022500943b10 JavaThread "Finalizer" daemon [_thread_blocked, id=167668, stack(0x00000035e6400000,0x00000035e6500000)]
  0x000002250095d190 JavaThread "Signal Dispatcher" daemon [_thread_blocked, id=164336, stack(0x00000035e6500000,0x00000035e6600000)]
  0x0000022500960300 JavaThread "Attach Listener" daemon [_thread_blocked, id=167740, stack(0x00000035e6600000,0x00000035e6700000)]
  0x0000022501451010 JavaThread "Service Thread" daemon [_thread_blocked, id=167744, stack(0x00000035e6700000,0x00000035e6800000)]
  0x000002250145bd30 JavaThread "Monitor Deflation Thread" daemon [_thread_blocked, id=167756, stack(0x00000035e6800000,0x00000035e6900000)]
  0x000002250145d0c0 JavaThread "C2 CompilerThread0" daemon [_thread_blocked, id=167180, stack(0x00000035e6900000,0x00000035e6a00000)]
  0x000002250145e210 JavaThread "C1 CompilerThread0" daemon [_thread_blocked, id=167624, stack(0x00000035e6a00000,0x00000035e6b00000)]
  0x0000022501470b70 JavaThread "Sweeper thread" daemon [_thread_blocked, id=167412, stack(0x00000035e6b00000,0x00000035e6c00000)]
  0x000002250155c1d0 JavaThread "Common-Cleaner" daemon [_thread_blocked, id=167408, stack(0x00000035e6c00000,0x00000035e6d00000)]
  0x00000225017e37d0 JavaThread "Notification Thread" daemon [_thread_blocked, id=162624, stack(0x00000035e6d00000,0x00000035e6e00000)]
  0x0000022501a87f20 JavaThread "QuantumRenderer-0" daemon [_thread_blocked, id=163284, stack(0x00000035e6f00000,0x00000035e7000000)]
  0x00000225646e17f0 JavaThread "InvokeLaterDispatcher" daemon [_thread_blocked, id=167796, stack(0x00000035e7100000,0x00000035e7200000)]
  0x0000022501a2e2d0 JavaThread "JavaFX Application Thread" [_thread_in_native, id=160988, stack(0x00000035e7200000,0x00000035e7300000)]
  0x0000022501aea7e0 JavaThread "<no-name - thread is attaching>" [_thread_in_vm, id=166336, stack(0x00000035e7300000,0x00000035e7400000)]

Other Threads:
  0x000002250093fae0 VMThread "VM Thread" [stack: 0x00000035e6200000,0x00000035e6300000] [id=167144]
  0x00000225017e3eb0 WatcherThread [stack: 0x00000035e6e00000,0x00000035e6f00000] [id=162336]
  0x0000022566a32e30 GCTaskThread "GC Thread#0" [stack: 0x00000035e5d00000,0x00000035e5e00000] [id=167212]
  0x0000022566a445d0 ConcurrentGCThread "G1 Main Marker" [stack: 0x00000035e5e00000,0x00000035e5f00000] [id=167208]
  0x0000022566a44fe0 ConcurrentGCThread "G1 Conc#0" [stack: 0x00000035e5f00000,0x00000035e6000000] [id=167176]
  0x0000022566a8da60 ConcurrentGCThread "G1 Refine#0" [stack: 0x00000035e6000000,0x00000035e6100000] [id=167604]
  0x0000022566a8e320 ConcurrentGCThread "G1 Service" [stack: 0x00000035e6100000,0x00000035e6200000] [id=150212]

Threads with active compile tasks:

VM state: not at safepoint (normal execution)

VM Mutex/Monitor currently owned by a thread:  ([mutex/lock_event])
[0x00000225669d1f50] Metaspace_lock - owner thread: 0x00000225669d80b0

Heap address: 0x0000000082400000, size: 2012 MB, Compressed Oops mode: 32-bit

CDS archive(s) not mapped
Compressed class space mapped at: 0x0000000100000000-0x0000000140000000, reserved size: 1073741824
Narrow klass base: 0x0000000000000000, Narrow klass shift: 3, Narrow klass range: 0x140000000

GC Precious Log:
 CPUs: 8 total, 8 available
 Memory: 8043M
 Large Page Support: Disabled
 NUMA Support: Disabled
 Compressed Oops: Enabled (32-bit)
 Heap Region Size: 1M
 Heap Min Capacity: 8M
 Heap Initial Capacity: 126M
 Heap Max Capacity: 2012M
 Pre-touch: Disabled
 Parallel Workers: 8
 Concurrent Workers: 2
 Concurrent Refinement Workers: 8
 Periodic GC: Disabled

Heap:
 garbage-first heap   total 129024K, used 14336K [0x0000000082400000, 0x0000000100000000)
  region size 1024K, 16 young (16384K), 0 survivors (0K)
 Metaspace       used 9824K, committed 9920K, reserved 1064960K
  class space    used 969K, committed 1024K, reserved 1048576K

Heap Regions: E=young(eden), S=young(survivor), O=old, HS=humongous(starts), HC=humongous(continues), CS=collection set, F=free, OA=open archive, CA=closed archive, TAMS=top-at-mark-start (previous, next)
|   0|0x0000000082400000, 0x0000000082400000, 0x0000000082500000|  0%| F|  |TAMS 0x0000000082400000, 0x0000000082400000| Untracked 
|   1|0x0000000082500000, 0x0000000082500000, 0x0000000082600000|  0%| F|  |TAMS 0x0000000082500000, 0x0000000082500000| Untracked 
|   2|0x0000000082600000, 0x0000000082600000, 0x0000000082700000|  0%| F|  |TAMS 0x0000000082600000, 0x0000000082600000| Untracked 
|   3|0x0000000082700000, 0x0000000082700000, 0x0000000082800000|  0%| F|  |TAMS 0x0000000082700000, 0x0000000082700000| Untracked 
|   4|0x0000000082800000, 0x0000000082800000, 0x0000000082900000|  0%| F|  |TAMS 0x0000000082800000, 0x0000000082800000| Untracked 
|   5|0x0000000082900000, 0x0000000082900000, 0x0000000082a00000|  0%| F|  |TAMS 0x0000000082900000, 0x0000000082900000| Untracked 
|   6|0x0000000082a00000, 0x0000000082a00000, 0x0000000082b00000|  0%| F|  |TAMS 0x0000000082a00000, 0x0000000082a00000| Untracked 
|   7|0x0000000082b00000, 0x0000000082b00000, 0x0000000082c00000|  0%| F|  |TAMS 0x0000000082b00000, 0x0000000082b00000| Untracked 
|   8|0x0000000082c00000, 0x0000000082c00000, 0x0000000082d00000|  0%| F|  |TAMS 0x0000000082c00000, 0x0000000082c00000| Untracked 
|   9|0x0000000082d00000, 0x0000000082d00000, 0x0000000082e00000|  0%| F|  |TAMS 0x0000000082d00000, 0x0000000082d00000| Untracked 
|  10|0x0000000082e00000, 0x0000000082e00000, 0x0000000082f00000|  0%| F|  |TAMS 0x0000000082e00000, 0x0000000082e00000| Untracked 
|  11|0x0000000082f00000, 0x0000000082f00000, 0x0000000083000000|  0%| F|  |TAMS 0x0000000082f00000, 0x0000000082f00000| Untracked 
|  12|0x0000000083000000, 0x0000000083000000, 0x0000000083100000|  0%| F|  |TAMS 0x0000000083000000, 0x0000000083000000| Untracked 
|  13|0x0000000083100000, 0x0000000083100000, 0x0000000083200000|  0%| F|  |TAMS 0x0000000083100000, 0x0000000083100000| Untracked 
|  14|0x0000000083200000, 0x0000000083200000, 0x0000000083300000|  0%| F|  |TAMS 0x0000000083200000, 0x0000000083200000| Untracked 
|  15|0x0000000083300000, 0x0000000083300000, 0x0000000083400000|  0%| F|  |TAMS 0x0000000083300000, 0x0000000083300000| Untracked 
|  16|0x0000000083400000, 0x0000000083400000, 0x0000000083500000|  0%| F|  |TAMS 0x0000000083400000, 0x0000000083400000| Untracked 
|  17|0x0000000083500000, 0x0000000083500000, 0x0000000083600000|  0%| F|  |TAMS 0x0000000083500000, 0x0000000083500000| Untracked 
|  18|0x0000000083600000, 0x0000000083600000, 0x0000000083700000|  0%| F|  |TAMS 0x0000000083600000, 0x0000000083600000| Untracked 
|  19|0x0000000083700000, 0x0000000083700000, 0x0000000083800000|  0%| F|  |TAMS 0x0000000083700000, 0x0000000083700000| Untracked 
|  20|0x0000000083800000, 0x0000000083800000, 0x0000000083900000|  0%| F|  |TAMS 0x0000000083800000, 0x0000000083800000| Untracked 
|  21|0x0000000083900000, 0x0000000083900000, 0x0000000083a00000|  0%| F|  |TAMS 0x0000000083900000, 0x0000000083900000| Untracked 
|  22|0x0000000083a00000, 0x0000000083a00000, 0x0000000083b00000|  0%| F|  |TAMS 0x0000000083a00000, 0x0000000083a00000| Untracked 
|  23|0x0000000083b00000, 0x0000000083b00000, 0x0000000083c00000|  0%| F|  |TAMS 0x0000000083b00000, 0x0000000083b00000| Untracked 
|  24|0x0000000083c00000, 0x0000000083c00000, 0x0000000083d00000|  0%| F|  |TAMS 0x0000000083c00000, 0x0000000083c00000| Untracked 
|  25|0x0000000083d00000, 0x0000000083d00000, 0x0000000083e00000|  0%| F|  |TAMS 0x0000000083d00000, 0x0000000083d00000| Untracked 
|  26|0x0000000083e00000, 0x0000000083e00000, 0x0000000083f00000|  0%| F|  |TAMS 0x0000000083e00000, 0x0000000083e00000| Untracked 
|  27|0x0000000083f00000, 0x0000000083f00000, 0x0000000084000000|  0%| F|  |TAMS 0x0000000083f00000, 0x0000000083f00000| Untracked 
|  28|0x0000000084000000, 0x0000000084000000, 0x0000000084100000|  0%| F|  |TAMS 0x0000000084000000, 0x0000000084000000| Untracked 
|  29|0x0000000084100000, 0x0000000084100000, 0x0000000084200000|  0%| F|  |TAMS 0x0000000084100000, 0x0000000084100000| Untracked 
|  30|0x0000000084200000, 0x0000000084200000, 0x0000000084300000|  0%| F|  |TAMS 0x0000000084200000, 0x0000000084200000| Untracked 
|  31|0x0000000084300000, 0x0000000084300000, 0x0000000084400000|  0%| F|  |TAMS 0x0000000084300000, 0x0000000084300000| Untracked 
|  32|0x0000000084400000, 0x0000000084400000, 0x0000000084500000|  0%| F|  |TAMS 0x0000000084400000, 0x0000000084400000| Untracked 
|  33|0x0000000084500000, 0x0000000084500000, 0x0000000084600000|  0%| F|  |TAMS 0x0000000084500000, 0x0000000084500000| Untracked 
|  34|0x0000000084600000, 0x0000000084600000, 0x0000000084700000|  0%| F|  |TAMS 0x0000000084600000, 0x0000000084600000| Untracked 
|  35|0x0000000084700000, 0x0000000084700000, 0x0000000084800000|  0%| F|  |TAMS 0x0000000084700000, 0x0000000084700000| Untracked 
|  36|0x0000000084800000, 0x0000000084800000, 0x0000000084900000|  0%| F|  |TAMS 0x0000000084800000, 0x0000000084800000| Untracked 
|  37|0x0000000084900000, 0x0000000084900000, 0x0000000084a00000|  0%| F|  |TAMS 0x0000000084900000, 0x0000000084900000| Untracked 
|  38|0x0000000084a00000, 0x0000000084a00000, 0x0000000084b00000|  0%| F|  |TAMS 0x0000000084a00000, 0x0000000084a00000| Untracked 
|  39|0x0000000084b00000, 0x0000000084b00000, 0x0000000084c00000|  0%| F|  |TAMS 0x0000000084b00000, 0x0000000084b00000| Untracked 
|  40|0x0000000084c00000, 0x0000000084c00000, 0x0000000084d00000|  0%| F|  |TAMS 0x0000000084c00000, 0x0000000084c00000| Untracked 
|  41|0x0000000084d00000, 0x0000000084d00000, 0x0000000084e00000|  0%| F|  |TAMS 0x0000000084d00000, 0x0000000084d00000| Untracked 
|  42|0x0000000084e00000, 0x0000000084e00000, 0x0000000084f00000|  0%| F|  |TAMS 0x0000000084e00000, 0x0000000084e00000| Untracked 
|  43|0x0000000084f00000, 0x0000000084f00000, 0x0000000085000000|  0%| F|  |TAMS 0x0000000084f00000, 0x0000000084f00000| Untracked 
|  44|0x0000000085000000, 0x0000000085000000, 0x0000000085100000|  0%| F|  |TAMS 0x0000000085000000, 0x0000000085000000| Untracked 
|  45|0x0000000085100000, 0x0000000085100000, 0x0000000085200000|  0%| F|  |TAMS 0x0000000085100000, 0x0000000085100000| Untracked 
|  46|0x0000000085200000, 0x0000000085200000, 0x0000000085300000|  0%| F|  |TAMS 0x0000000085200000, 0x0000000085200000| Untracked 
|  47|0x0000000085300000, 0x0000000085300000, 0x0000000085400000|  0%| F|  |TAMS 0x0000000085300000, 0x0000000085300000| Untracked 
|  48|0x0000000085400000, 0x0000000085400000, 0x0000000085500000|  0%| F|  |TAMS 0x0000000085400000, 0x0000000085400000| Untracked 
|  49|0x0000000085500000, 0x0000000085500000, 0x0000000085600000|  0%| F|  |TAMS 0x0000000085500000, 0x0000000085500000| Untracked 
|  50|0x0000000085600000, 0x0000000085600000, 0x0000000085700000|  0%| F|  |TAMS 0x0000000085600000, 0x0000000085600000| Untracked 
|  51|0x0000000085700000, 0x0000000085700000, 0x0000000085800000|  0%| F|  |TAMS 0x0000000085700000, 0x0000000085700000| Untracked 
|  52|0x0000000085800000, 0x0000000085800000, 0x0000000085900000|  0%| F|  |TAMS 0x0000000085800000, 0x0000000085800000| Untracked 
|  53|0x0000000085900000, 0x0000000085900000, 0x0000000085a00000|  0%| F|  |TAMS 0x0000000085900000, 0x0000000085900000| Untracked 
|  54|0x0000000085a00000, 0x0000000085a00000, 0x0000000085b00000|  0%| F|  |TAMS 0x0000000085a00000, 0x0000000085a00000| Untracked 
|  55|0x0000000085b00000, 0x0000000085b00000, 0x0000000085c00000|  0%| F|  |TAMS 0x0000000085b00000, 0x0000000085b00000| Untracked 
|  56|0x0000000085c00000, 0x0000000085c00000, 0x0000000085d00000|  0%| F|  |TAMS 0x0000000085c00000, 0x0000000085c00000| Untracked 
|  57|0x0000000085d00000, 0x0000000085d00000, 0x0000000085e00000|  0%| F|  |TAMS 0x0000000085d00000, 0x0000000085d00000| Untracked 
|  58|0x0000000085e00000, 0x0000000085e00000, 0x0000000085f00000|  0%| F|  |TAMS 0x0000000085e00000, 0x0000000085e00000| Untracked 
|  59|0x0000000085f00000, 0x0000000085f00000, 0x0000000086000000|  0%| F|  |TAMS 0x0000000085f00000, 0x0000000085f00000| Untracked 
|  60|0x0000000086000000, 0x0000000086000000, 0x0000000086100000|  0%| F|  |TAMS 0x0000000086000000, 0x0000000086000000| Untracked 
|  61|0x0000000086100000, 0x0000000086100000, 0x0000000086200000|  0%| F|  |TAMS 0x0000000086100000, 0x0000000086100000| Untracked 
|  62|0x0000000086200000, 0x0000000086200000, 0x0000000086300000|  0%| F|  |TAMS 0x0000000086200000, 0x0000000086200000| Untracked 
|  63|0x0000000086300000, 0x0000000086300000, 0x0000000086400000|  0%| F|  |TAMS 0x0000000086300000, 0x0000000086300000| Untracked 
|  64|0x0000000086400000, 0x0000000086400000, 0x0000000086500000|  0%| F|  |TAMS 0x0000000086400000, 0x0000000086400000| Untracked 
|  65|0x0000000086500000, 0x0000000086500000, 0x0000000086600000|  0%| F|  |TAMS 0x0000000086500000, 0x0000000086500000| Untracked 
|  66|0x0000000086600000, 0x0000000086600000, 0x0000000086700000|  0%| F|  |TAMS 0x0000000086600000, 0x0000000086600000| Untracked 
|  67|0x0000000086700000, 0x0000000086700000, 0x0000000086800000|  0%| F|  |TAMS 0x0000000086700000, 0x0000000086700000| Untracked 
|  68|0x0000000086800000, 0x0000000086800000, 0x0000000086900000|  0%| F|  |TAMS 0x0000000086800000, 0x0000000086800000| Untracked 
|  69|0x0000000086900000, 0x0000000086900000, 0x0000000086a00000|  0%| F|  |TAMS 0x0000000086900000, 0x0000000086900000| Untracked 
|  70|0x0000000086a00000, 0x0000000086a00000, 0x0000000086b00000|  0%| F|  |TAMS 0x0000000086a00000, 0x0000000086a00000| Untracked 
|  71|0x0000000086b00000, 0x0000000086b00000, 0x0000000086c00000|  0%| F|  |TAMS 0x0000000086b00000, 0x0000000086b00000| Untracked 
|  72|0x0000000086c00000, 0x0000000086c00000, 0x0000000086d00000|  0%| F|  |TAMS 0x0000000086c00000, 0x0000000086c00000| Untracked 
|  73|0x0000000086d00000, 0x0000000086d00000, 0x0000000086e00000|  0%| F|  |TAMS 0x0000000086d00000, 0x0000000086d00000| Untracked 
|  74|0x0000000086e00000, 0x0000000086e00000, 0x0000000086f00000|  0%| F|  |TAMS 0x0000000086e00000, 0x0000000086e00000| Untracked 
|  75|0x0000000086f00000, 0x0000000086f00000, 0x0000000087000000|  0%| F|  |TAMS 0x0000000086f00000, 0x0000000086f00000| Untracked 
|  76|0x0000000087000000, 0x0000000087000000, 0x0000000087100000|  0%| F|  |TAMS 0x0000000087000000, 0x0000000087000000| Untracked 
|  77|0x0000000087100000, 0x0000000087100000, 0x0000000087200000|  0%| F|  |TAMS 0x0000000087100000, 0x0000000087100000| Untracked 
|  78|0x0000000087200000, 0x0000000087200000, 0x0000000087300000|  0%| F|  |TAMS 0x0000000087200000, 0x0000000087200000| Untracked 
|  79|0x0000000087300000, 0x0000000087300000, 0x0000000087400000|  0%| F|  |TAMS 0x0000000087300000, 0x0000000087300000| Untracked 
|  80|0x0000000087400000, 0x0000000087400000, 0x0000000087500000|  0%| F|  |TAMS 0x0000000087400000, 0x0000000087400000| Untracked 
|  81|0x0000000087500000, 0x0000000087500000, 0x0000000087600000|  0%| F|  |TAMS 0x0000000087500000, 0x0000000087500000| Untracked 
|  82|0x0000000087600000, 0x0000000087600000, 0x0000000087700000|  0%| F|  |TAMS 0x0000000087600000, 0x0000000087600000| Untracked 
|  83|0x0000000087700000, 0x0000000087700000, 0x0000000087800000|  0%| F|  |TAMS 0x0000000087700000, 0x0000000087700000| Untracked 
|  84|0x0000000087800000, 0x0000000087800000, 0x0000000087900000|  0%| F|  |TAMS 0x0000000087800000, 0x0000000087800000| Untracked 
|  85|0x0000000087900000, 0x0000000087900000, 0x0000000087a00000|  0%| F|  |TAMS 0x0000000087900000, 0x0000000087900000| Untracked 
|  86|0x0000000087a00000, 0x0000000087a00000, 0x0000000087b00000|  0%| F|  |TAMS 0x0000000087a00000, 0x0000000087a00000| Untracked 
|  87|0x0000000087b00000, 0x0000000087b00000, 0x0000000087c00000|  0%| F|  |TAMS 0x0000000087b00000, 0x0000000087b00000| Untracked 
|  88|0x0000000087c00000, 0x0000000087c00000, 0x0000000087d00000|  0%| F|  |TAMS 0x0000000087c00000, 0x0000000087c00000| Untracked 
|  89|0x0000000087d00000, 0x0000000087d00000, 0x0000000087e00000|  0%| F|  |TAMS 0x0000000087d00000, 0x0000000087d00000| Untracked 
|  90|0x0000000087e00000, 0x0000000087e00000, 0x0000000087f00000|  0%| F|  |TAMS 0x0000000087e00000, 0x0000000087e00000| Untracked 
|  91|0x0000000087f00000, 0x0000000087f00000, 0x0000000088000000|  0%| F|  |TAMS 0x0000000087f00000, 0x0000000087f00000| Untracked 
|  92|0x0000000088000000, 0x0000000088000000, 0x0000000088100000|  0%| F|  |TAMS 0x0000000088000000, 0x0000000088000000| Untracked 
|  93|0x0000000088100000, 0x0000000088100000, 0x0000000088200000|  0%| F|  |TAMS 0x0000000088100000, 0x0000000088100000| Untracked 
|  94|0x0000000088200000, 0x0000000088200000, 0x0000000088300000|  0%| F|  |TAMS 0x0000000088200000, 0x0000000088200000| Untracked 
|  95|0x0000000088300000, 0x0000000088300000, 0x0000000088400000|  0%| F|  |TAMS 0x0000000088300000, 0x0000000088300000| Untracked 
|  96|0x0000000088400000, 0x0000000088400000, 0x0000000088500000|  0%| F|  |TAMS 0x0000000088400000, 0x0000000088400000| Untracked 
|  97|0x0000000088500000, 0x0000000088500000, 0x0000000088600000|  0%| F|  |TAMS 0x0000000088500000, 0x0000000088500000| Untracked 
|  98|0x0000000088600000, 0x0000000088600000, 0x0000000088700000|  0%| F|  |TAMS 0x0000000088600000, 0x0000000088600000| Untracked 
|  99|0x0000000088700000, 0x0000000088700000, 0x0000000088800000|  0%| F|  |TAMS 0x0000000088700000, 0x0000000088700000| Untracked 
| 100|0x0000000088800000, 0x0000000088800000, 0x0000000088900000|  0%| F|  |TAMS 0x0000000088800000, 0x0000000088800000| Untracked 
| 101|0x0000000088900000, 0x0000000088900000, 0x0000000088a00000|  0%| F|  |TAMS 0x0000000088900000, 0x0000000088900000| Untracked 
| 102|0x0000000088a00000, 0x0000000088a00000, 0x0000000088b00000|  0%| F|  |TAMS 0x0000000088a00000, 0x0000000088a00000| Untracked 
| 103|0x0000000088b00000, 0x0000000088b00000, 0x0000000088c00000|  0%| F|  |TAMS 0x0000000088b00000, 0x0000000088b00000| Untracked 
| 104|0x0000000088c00000, 0x0000000088c00000, 0x0000000088d00000|  0%| F|  |TAMS 0x0000000088c00000, 0x0000000088c00000| Untracked 
| 105|0x0000000088d00000, 0x0000000088d00000, 0x0000000088e00000|  0%| F|  |TAMS 0x0000000088d00000, 0x0000000088d00000| Untracked 
| 106|0x0000000088e00000, 0x0000000088e00000, 0x0000000088f00000|  0%| F|  |TAMS 0x0000000088e00000, 0x0000000088e00000| Untracked 
| 107|0x0000000088f00000, 0x0000000088f00000, 0x0000000089000000|  0%| F|  |TAMS 0x0000000088f00000, 0x0000000088f00000| Untracked 
| 108|0x0000000089000000, 0x0000000089000000, 0x0000000089100000|  0%| F|  |TAMS 0x0000000089000000, 0x0000000089000000| Untracked 
| 109|0x0000000089100000, 0x0000000089100000, 0x0000000089200000|  0%| F|  |TAMS 0x0000000089100000, 0x0000000089100000| Untracked 
| 110|0x0000000089200000, 0x00000000892ecde0, 0x0000000089300000| 92%| E|  |TAMS 0x0000000089200000, 0x0000000089200000| Complete 
| 111|0x0000000089300000, 0x0000000089400000, 0x0000000089400000|100%| E|CS|TAMS 0x0000000089300000, 0x0000000089300000| Complete 
| 112|0x0000000089400000, 0x0000000089500000, 0x0000000089500000|100%| E|CS|TAMS 0x0000000089400000, 0x0000000089400000| Complete 
| 113|0x0000000089500000, 0x0000000089600000, 0x0000000089600000|100%| E|CS|TAMS 0x0000000089500000, 0x0000000089500000| Complete 
| 114|0x0000000089600000, 0x0000000089700000, 0x0000000089700000|100%| E|CS|TAMS 0x0000000089600000, 0x0000000089600000| Complete 
| 115|0x0000000089700000, 0x0000000089800000, 0x0000000089800000|100%| E|CS|TAMS 0x0000000089700000, 0x0000000089700000| Complete 
| 116|0x0000000089800000, 0x0000000089900000, 0x0000000089900000|100%| E|CS|TAMS 0x0000000089800000, 0x0000000089800000| Complete 
| 117|0x0000000089900000, 0x0000000089a00000, 0x0000000089a00000|100%| E|CS|TAMS 0x0000000089900000, 0x0000000089900000| Complete 
| 118|0x0000000089a00000, 0x0000000089b00000, 0x0000000089b00000|100%| E|CS|TAMS 0x0000000089a00000, 0x0000000089a00000| Complete 
| 119|0x0000000089b00000, 0x0000000089c00000, 0x0000000089c00000|100%| E|CS|TAMS 0x0000000089b00000, 0x0000000089b00000| Complete 
| 120|0x0000000089c00000, 0x0000000089d00000, 0x0000000089d00000|100%| E|CS|TAMS 0x0000000089c00000, 0x0000000089c00000| Complete 
| 121|0x0000000089d00000, 0x0000000089e00000, 0x0000000089e00000|100%| E|CS|TAMS 0x0000000089d00000, 0x0000000089d00000| Complete 
| 122|0x0000000089e00000, 0x0000000089f00000, 0x0000000089f00000|100%| E|CS|TAMS 0x0000000089e00000, 0x0000000089e00000| Complete 
| 123|0x0000000089f00000, 0x000000008a000000, 0x000000008a000000|100%| E|CS|TAMS 0x0000000089f00000, 0x0000000089f00000| Complete 
| 124|0x000000008a000000, 0x000000008a100000, 0x000000008a100000|100%| E|  |TAMS 0x000000008a000000, 0x000000008a000000| Complete 
| 125|0x000000008a100000, 0x000000008a200000, 0x000000008a200000|100%| E|CS|TAMS 0x000000008a100000, 0x000000008a100000| Complete 

Card table byte_map: [0x00000225797a0000,0x0000022579b90000] _byte_map_base: 0x000002257938e000

Marking Bits (Prev, Next): (CMBitMap*) 0x0000022566a33440, (CMBitMap*) 0x0000022566a33480
 Prev Bits: [0x0000022579f80000, 0x000002257bef0000)
 Next Bits: [0x000002257bef0000, 0x000002257de60000)

Polling page: 0x00000225648e0000

Metaspace:

Usage:
  Non-class:      8.65 MB used.
      Class:    969.12 KB used.
       Both:      9.59 MB used.

Virtual space:
  Non-class space:       16.00 MB reserved,       8.69 MB ( 54%) committed,  2 nodes.
      Class space:        1.00 GB reserved,       1.00 MB ( <1%) committed,  1 nodes.
             Both:        1.02 GB reserved,       9.69 MB ( <1%) committed. 

Chunk freelists:
   Non-Class:  2.67 MB
       Class:  3.01 MB
        Both:  5.68 MB

MaxMetaspaceSize: unlimited
CompressedClassSpaceSize: 1.00 GB
Initial GC threshold: 21.00 MB
Current GC threshold: 21.00 MB
CDS: off
MetaspaceReclaimPolicy: balanced
 - commit_granule_bytes: 65536.
 - commit_granule_words: 8192.
 - virtual_space_node_default_size: 1048576.
 - enlarge_chunks_in_place: 1.
 - new_chunks_are_fully_committed: 0.
 - uncommit_free_chunks: 1.
 - use_allocation_guard: 0.
 - handle_deallocations: 1.


Internal statistics:

num_allocs_failed_limit: 0.
num_arena_births: 92.
num_arena_deaths: 0.
num_vsnodes_births: 3.
num_vsnodes_deaths: 0.
num_space_committed: 155.
num_space_uncommitted: 0.
num_chunks_returned_to_freelist: 0.
num_chunks_taken_from_freelist: 184.
num_chunk_merges: 0.
num_chunk_splits: 119.
num_chunks_enlarged: 85.
num_purges: 0.
num_inconsistent_stats: 0.

CodeHeap 'non-profiled nmethods': size=120000Kb used=238Kb max_used=238Kb free=119761Kb
 bounds [0x0000022571b50000, 0x0000022571dc0000, 0x0000022579080000]
CodeHeap 'profiled nmethods': size=120000Kb used=1062Kb max_used=1062Kb free=118937Kb
 bounds [0x000002256a620000, 0x000002256a890000, 0x0000022571b50000]
CodeHeap 'non-nmethods': size=5760Kb used=1156Kb max_used=1171Kb free=4603Kb
 bounds [0x000002256a080000, 0x000002256a2f0000, 0x000002256a620000]
 total_blobs=1202 nmethods=754 adapters=361
 compilation: enabled
              stopped_count=0, restarted_count=0
 full_count=0

Compilation events (20 events):
Event: 1.205 Thread 0x000002250145e210 nmethod 742 0x000002256a724a90 code [0x000002256a724ce0, 0x000002256a725458]
Event: 1.206 Thread 0x000002250145d0c0 nmethod 743 0x0000022571b8a610 code [0x0000022571b8a780, 0x0000022571b8a8b8]
Event: 1.206 Thread 0x000002250145d0c0  744       4       jdk.internal.org.objectweb.asm.Symbol::<init> (38 bytes)
Event: 1.207 Thread 0x000002250145e210  746       3       jdk.internal.org.objectweb.asm.ClassReader::readUtf (161 bytes)
Event: 1.207 Thread 0x000002250145e210 nmethod 746 0x000002256a725790 code [0x000002256a725960, 0x000002256a725dc8]
Event: 1.207 Thread 0x000002250145e210  747       3       java.lang.invoke.MethodHandles$Lookup::checkSecurityManager (97 bytes)
Event: 1.208 Thread 0x000002250145e210 nmethod 747 0x000002256a726090 code [0x000002256a7263a0, 0x000002256a727458]
Event: 1.208 Thread 0x000002250145e210  748       3       java.lang.ref.Reference::<init> (7 bytes)
Event: 1.208 Thread 0x000002250145e210 nmethod 748 0x000002256a727a10 code [0x000002256a727bc0, 0x000002256a727e78]
Event: 1.208 Thread 0x000002250145e210  749       1       java.lang.invoke.MethodHandleNatives::isPullModeBSM (2 bytes)
Event: 1.208 Thread 0x000002250145e210 nmethod 749 0x0000022571b8aa10 code [0x0000022571b8aba0, 0x0000022571b8ac58]
Event: 1.208 Thread 0x000002250145e210  751       3       java.util.zip.ZipUtils::LOCNAM (7 bytes)
Event: 1.209 Thread 0x000002250145e210 nmethod 751 0x000002256a727f90 code [0x000002256a728120, 0x000002256a7282d8]
Event: 1.209 Thread 0x000002250145e210  750       1       java.lang.invoke.MethodHandleImpl::isCompileConstant (2 bytes)
Event: 1.209 Thread 0x000002250145e210 nmethod 750 0x0000022571b8ad10 code [0x0000022571b8aea0, 0x0000022571b8af58]
Event: 1.209 Thread 0x000002250145e210  752   !   3       java.util.zip.ZipFile$ZipFileInflaterInputStream::close (67 bytes)
Event: 1.209 Thread 0x000002250145d0c0 nmethod 744 0x0000022571b8b010 code [0x0000022571b8b180, 0x0000022571b8b4d8]
Event: 1.209 Thread 0x000002250145d0c0  745       4       jdk.internal.org.objectweb.asm.ClassReader::readUnsignedShort (26 bytes)
Event: 1.209 Thread 0x000002250145e210 nmethod 752 0x000002256a728410 code [0x000002256a728640, 0x000002256a728e58]
Event: 1.209 Thread 0x000002250145e210  753       3       java.util.zip.InflaterInputStream::close (34 bytes)

GC Heap History (0 events):
No events

Deoptimization events (20 events):
Event: 0.253 Thread 0x00000225669d80b0 DEOPT PACKING pc=0x000002256a656fd6 sp=0x00000035e5cfe150
Event: 0.253 Thread 0x00000225669d80b0 DEOPT UNPACKING pc=0x000002256a0d2b43 sp=0x00000035e5cfd5d8 mode 0
Event: 0.258 Thread 0x00000225669d80b0 DEOPT PACKING pc=0x000002256a622667 sp=0x00000035e5cfe0f0
Event: 0.258 Thread 0x00000225669d80b0 DEOPT UNPACKING pc=0x000002256a0d2b43 sp=0x00000035e5cfd510 mode 0
Event: 0.297 Thread 0x00000225669d80b0 Uncommon trap: trap_request=0xffffff45 fr.pc=0x0000022571b62474 relative=0x0000000000000634
Event: 0.297 Thread 0x00000225669d80b0 Uncommon trap: reason=unstable_if action=reinterpret pc=0x0000022571b62474 method=java.util.ImmutableCollections$SetN.probe(Ljava/lang/Object;)I @ 34 c2
Event: 0.297 Thread 0x00000225669d80b0 DEOPT PACKING pc=0x0000022571b62474 sp=0x00000035e5cff010
Event: 0.297 Thread 0x00000225669d80b0 DEOPT UNPACKING pc=0x000002256a0d23a3 sp=0x00000035e5cfefb0 mode 2
Event: 0.304 Thread 0x00000225669d80b0 Uncommon trap: trap_request=0xffffff45 fr.pc=0x0000022571b65ffc relative=0x00000000000004dc
Event: 0.304 Thread 0x00000225669d80b0 Uncommon trap: reason=unstable_if action=reinterpret pc=0x0000022571b65ffc method=java.lang.StringLatin1.newString([BII)Ljava/lang/String; @ 1 c2
Event: 0.304 Thread 0x00000225669d80b0 DEOPT PACKING pc=0x0000022571b65ffc sp=0x00000035e5cfee60
Event: 0.304 Thread 0x00000225669d80b0 DEOPT UNPACKING pc=0x000002256a0d23a3 sp=0x00000035e5cfedc0 mode 2
Event: 0.305 Thread 0x00000225669d80b0 Uncommon trap: trap_request=0xffffff45 fr.pc=0x0000022571b64f9c relative=0x00000000000003fc
Event: 0.305 Thread 0x00000225669d80b0 Uncommon trap: reason=unstable_if action=reinterpret pc=0x0000022571b64f9c method=java.lang.StringLatin1.newString([BII)Ljava/lang/String; @ 1 c2
Event: 0.305 Thread 0x00000225669d80b0 DEOPT PACKING pc=0x0000022571b64f9c sp=0x00000035e5cfede0
Event: 0.305 Thread 0x00000225669d80b0 DEOPT UNPACKING pc=0x000002256a0d23a3 sp=0x00000035e5cfedc0 mode 2
Event: 0.313 Thread 0x00000225669d80b0 Uncommon trap: trap_request=0xffffff45 fr.pc=0x0000022571b56278 relative=0x0000000000000078
Event: 0.313 Thread 0x00000225669d80b0 Uncommon trap: reason=unstable_if action=reinterpret pc=0x0000022571b56278 method=java.lang.String.isLatin1()Z @ 10 c2
Event: 0.313 Thread 0x00000225669d80b0 DEOPT PACKING pc=0x0000022571b56278 sp=0x00000035e5cff2b0
Event: 0.313 Thread 0x00000225669d80b0 DEOPT UNPACKING pc=0x000002256a0d23a3 sp=0x00000035e5cff1f0 mode 2

Classes unloaded (0 events):
No events

Classes redefined (0 events):
No events

Internal exceptions (14 events):
Event: 0.172 Thread 0x00000225669d80b0 Exception <a 'java/lang/NoSuchMethodError'{0x000000008a0252e0}: 'void java.lang.invoke.DirectMethodHandle$Holder.invokeVirtual(java.lang.Object, java.lang.Object)'> (0x000000008a0252e0) 
thrown [s\src\hotspot\share\interpreter\linkResolver.cpp, line 759]
Event: 0.289 Thread 0x00000225669d80b0 Exception <a 'java/lang/NoSuchMethodError'{0x0000000089a44c00}: 'void java.lang.invoke.DirectMethodHandle$Holder.invokeSpecial(java.lang.Object, java.lang.Object, java.lang.Object)'> (0x0000000089a44c00) 
thrown [s\src\hotspot\share\interpreter\linkResolver.cpp, line 759]
Event: 0.292 Thread 0x00000225669d80b0 Exception <a 'java/lang/NoSuchMethodError'{0x0000000089a54258}: 'void java.lang.invoke.DirectMethodHandle$Holder.invokeSpecial(java.lang.Object, java.lang.Object, java.lang.Object, java.lang.Object, java.lang.Object)'> (0x0000000089a54258) 
thrown [s\src\hotspot\share\interpreter\linkResolver.cpp, line 759]
Event: 0.294 Thread 0x00000225669d80b0 Exception <a 'java/lang/NoSuchMethodError'{0x0000000089a64698}: 'java.lang.Object java.lang.invoke.DirectMethodHandle$Holder.invokeInterface(java.lang.Object, java.lang.Object)'> (0x0000000089a64698) 
thrown [s\src\hotspot\share\interpreter\linkResolver.cpp, line 759]
Event: 0.295 Thread 0x00000225669d80b0 Exception <a 'java/lang/IncompatibleClassChangeError'{0x0000000089a67be8}: Found class java.lang.Object, but interface was expected> (0x0000000089a67be8) 
thrown [s\src\hotspot\share\interpreter\linkResolver.cpp, line 826]
Event: 0.295 Thread 0x00000225669d80b0 Exception <a 'java/lang/NoSuchMethodError'{0x0000000089a6a9b0}: 'void java.lang.invoke.DirectMethodHandle$Holder.invokeStatic(java.lang.Object, java.lang.Object, java.lang.Object, java.lang.Object)'> (0x0000000089a6a9b0) 
thrown [s\src\hotspot\share\interpreter\linkResolver.cpp, line 759]
Event: 0.323 Thread 0x00000225669d80b0 Exception <a 'java/lang/NoSuchMethodError'{0x0000000089980738}: 'java.lang.Object java.lang.invoke.DirectMethodHandle$Holder.invokeStaticInit(java.lang.Object)'> (0x0000000089980738) 
thrown [s\src\hotspot\share\interpreter\linkResolver.cpp, line 759]
Event: 0.329 Thread 0x00000225669d80b0 Exception <a 'java/lang/NoSuchMethodError'{0x000000008998ee58}: 'void java.lang.invoke.DirectMethodHandle$Holder.invokeStatic(java.lang.Object, java.lang.Object)'> (0x000000008998ee58) 
thrown [s\src\hotspot\share\interpreter\linkResolver.cpp, line 759]
Event: 0.485 Thread 0x00000225669d80b0 Exception <a 'java/lang/NoSuchMethodError'{0x00000000896c8388}: 'void java.lang.invoke.DirectMethodHandle$Holder.invokeStatic(java.lang.Object, java.lang.Object, java.lang.Object)'> (0x00000000896c8388) 
thrown [s\src\hotspot\share\interpreter\linkResolver.cpp, line 759]
Event: 1.140 Thread 0x00000225669d80b0 Exception <a 'java/lang/NoSuchMethodError'{0x00000000896e4bd0}: 'int java.lang.invoke.DirectMethodHandle$Holder.invokeStaticInit(java.lang.Object, java.lang.Object, java.lang.Object)'> (0x00000000896e4bd0) 
thrown [s\src\hotspot\share\interpreter\linkResolver.cpp, line 759]
Event: 1.160 Thread 0x00000225669d80b0 Exception <a 'java/lang/NoSuchMethodError'{0x0000000089423348}: 'java.lang.Object java.lang.invoke.DirectMethodHandle$Holder.newInvokeSpecial(java.lang.Object, java.lang.Object, int, java.lang.Object)'> (0x0000000089423348) 
thrown [s\src\hotspot\share\interpreter\linkResolver.cpp, line 759]
Event: 1.160 Thread 0x00000225669d80b0 Exception <a 'java/lang/NoSuchMethodError'{0x0000000089427728}: 'java.lang.Object java.lang.invoke.DirectMethodHandle$Holder.invokeSpecial(java.lang.Object, java.lang.Object, java.lang.Object, int, java.lang.Object)'> (0x0000000089427728) 
thrown [s\src\hotspot\share\interpreter\linkResolver.cpp, line 759]
Event: 1.189 Thread 0x0000022501a2e2d0 Exception <a 'java/lang/NoSuchMethodError'{0x0000000089204aa8}: 'void java.lang.invoke.DirectMethodHandle$Holder.invokeStaticInit(java.lang.Object)'> (0x0000000089204aa8) 
thrown [s\src\hotspot\share\interpreter\linkResolver.cpp, line 759]
Event: 1.191 Thread 0x00000225669d80b0 Exception <a 'java/lang/NoSuchMethodError'{0x000000008943c7c8}: 'java.lang.Object java.lang.invoke.DirectMethodHandle$Holder.newInvokeSpecial(java.lang.Object, java.lang.Object, java.lang.Object, java.lang.Object, java.lang.Object, java.lang.Object)'> (0x000000008943c7c8) 
thrown [s\src\hotspot\share\interpreter\linkResolver.cpp, line 759]

VM Operations (8 events):
Event: 0.262 Executing VM operation: HandshakeAllThreads
Event: 0.262 Executing VM operation: HandshakeAllThreads done
Event: 0.293 Executing VM operation: HandshakeAllThreads
Event: 0.293 Executing VM operation: HandshakeAllThreads done
Event: 1.152 Executing VM operation: HandshakeAllThreads
Event: 1.152 Executing VM operation: HandshakeAllThreads done
Event: 1.152 Executing VM operation: Cleanup
Event: 1.152 Executing VM operation: Cleanup done

Events (20 events):
Event: 1.203 loading class java/lang/reflect/ProxyGenerator$PrimitiveTypeInfo
Event: 1.203 loading class java/lang/reflect/ProxyGenerator$PrimitiveTypeInfo done
Event: 1.203 loading class jdk/internal/org/objectweb/asm/Edge
Event: 1.203 loading class jdk/internal/org/objectweb/asm/Edge done
Event: 1.204 loading class java/lang/reflect/Proxy$ProxyBuilder$1
Event: 1.204 loading class java/lang/reflect/Proxy$ProxyBuilder$1 done
Event: 1.204 loading class java/lang/annotation/Target
Event: 1.204 loading class java/lang/annotation/Target done
Event: 1.205 loading class sun/reflect/generics/repository/ClassRepository
Event: 1.206 loading class sun/reflect/generics/repository/GenericDeclRepository
Event: 1.206 loading class sun/reflect/generics/repository/AbstractRepository
Event: 1.206 loading class sun/reflect/generics/repository/AbstractRepository done
Event: 1.206 loading class sun/reflect/generics/repository/GenericDeclRepository done
Event: 1.206 loading class sun/reflect/generics/repository/ClassRepository done
Event: 1.206 loading class java/lang/Class$EnclosingMethodInfo
Event: 1.206 loading class java/lang/Class$EnclosingMethodInfo done
Event: 1.206 loading class java/lang/Class$AnnotationData
Event: 1.206 loading class java/lang/Class$AnnotationData done
Event: 1.206 loading class java/util/Spliterators$ArraySpliterator
Event: 1.206 loading class java/util/Spliterators$ArraySpliterator done


Dynamic libraries:
0x00007ff796ba0000 - 0x00007ff796bae000 	C:\Users\Wilson\.p2\pool\plugins\org.eclipse.justj.openjdk.hotspot.jre.full.win32.x86_64_17.0.4.v20220903-1038\jre\bin\javaw.exe
0x00007ff9356b0000 - 0x00007ff9358a8000 	C:\WINDOWS\SYSTEM32\ntdll.dll
0x00007ff917c90000 - 0x00007ff917ca7000 	C:\Program Files\Avast Software\Avast\aswhook.dll
0x00007ff934d80000 - 0x00007ff934e3f000 	C:\WINDOWS\System32\KERNEL32.DLL
0x00007ff932f20000 - 0x00007ff9331f2000 	C:\WINDOWS\System32\KERNELBASE.dll
0x00007ff932db0000 - 0x00007ff932eb0000 	C:\WINDOWS\System32\ucrtbase.dll
0x00007ff918c00000 - 0x00007ff918c18000 	C:\Users\Wilson\.p2\pool\plugins\org.eclipse.justj.openjdk.hotspot.jre.full.win32.x86_64_17.0.4.v20220903-1038\jre\bin\jli.dll
0x00007ff918ab0000 - 0x00007ff918ac9000 	C:\Users\Wilson\.p2\pool\plugins\org.eclipse.justj.openjdk.hotspot.jre.full.win32.x86_64_17.0.4.v20220903-1038\jre\bin\VCRUNTIME140.dll
0x00007ff934ba0000 - 0x00007ff934d3d000 	C:\WINDOWS\System32\USER32.dll
0x00007ff9332c0000 - 0x00007ff9332e2000 	C:\WINDOWS\System32\win32u.dll
0x00007ff933ee0000 - 0x00007ff933f0b000 	C:\WINDOWS\System32\GDI32.dll
0x00007ff933540000 - 0x00007ff93364f000 	C:\WINDOWS\System32\gdi32full.dll
0x00007ff91e3c0000 - 0x00007ff91e65a000 	C:\WINDOWS\WinSxS\amd64_microsoft.windows.common-controls_6595b64144ccf1df_6.0.19041.1110_none_60b5254171f9507e\COMCTL32.dll
0x00007ff9332f0000 - 0x00007ff93338d000 	C:\WINDOWS\System32\msvcp_win.dll
0x00007ff9338b0000 - 0x00007ff93394e000 	C:\WINDOWS\System32\msvcrt.dll
0x00007ff9354b0000 - 0x00007ff9354e2000 	C:\WINDOWS\System32\IMM32.DLL
0x000000005e230000 - 0x000000005e23c000 	C:\Program Files (x86)\360\Total Security\safemon\SafeWrapper.dll
0x00007ff9351f0000 - 0x00007ff93529e000 	C:\WINDOWS\System32\ADVAPI32.dll
0x00007ff933950000 - 0x00007ff9339ec000 	C:\WINDOWS\System32\sechost.dll
0x00007ff933d50000 - 0x00007ff933e75000 	C:\WINDOWS\System32\RPCRT4.dll
0x00007ff904340000 - 0x00007ff9043d2000 	C:\Program Files (x86)\360\Total Security\safemon\libzdtp64.dll
0x00007ff933f10000 - 0x00007ff934653000 	C:\WINDOWS\System32\SHELL32.dll
0x00007ff935190000 - 0x00007ff9351e5000 	C:\WINDOWS\System32\SHLWAPI.dll
0x00007ff932940000 - 0x00007ff93294a000 	C:\WINDOWS\SYSTEM32\VERSION.dll
0x00007ff919340000 - 0x00007ff91934c000 	C:\Users\Wilson\.p2\pool\plugins\org.eclipse.justj.openjdk.hotspot.jre.full.win32.x86_64_17.0.4.v20220903-1038\jre\bin\vcruntime140_1.dll
0x00007ff904230000 - 0x00007ff9042c1000 	C:\Users\Wilson\.p2\pool\plugins\org.eclipse.justj.openjdk.hotspot.jre.full.win32.x86_64_17.0.4.v20220903-1038\jre\bin\msvcp140.dll
0x00007ff880800000 - 0x00007ff881446000 	C:\Users\Wilson\.p2\pool\plugins\org.eclipse.justj.openjdk.hotspot.jre.full.win32.x86_64_17.0.4.v20220903-1038\jre\bin\server\jvm.dll
0x00007ff934660000 - 0x00007ff934668000 	C:\WINDOWS\System32\PSAPI.DLL
0x00007ff921120000 - 0x00007ff921129000 	C:\WINDOWS\SYSTEM32\WSOCK32.dll
0x00007ff920340000 - 0x00007ff920367000 	C:\WINDOWS\SYSTEM32\WINMM.dll
0x00007ff935120000 - 0x00007ff93518b000 	C:\WINDOWS\System32\WS2_32.dll
0x00007ff931590000 - 0x00007ff9315a2000 	C:\WINDOWS\SYSTEM32\kernel.appcore.dll
0x00007ff919260000 - 0x00007ff91926a000 	C:\Users\Wilson\.p2\pool\plugins\org.eclipse.justj.openjdk.hotspot.jre.full.win32.x86_64_17.0.4.v20220903-1038\jre\bin\jimage.dll
0x00007ff9312b0000 - 0x00007ff931494000 	C:\WINDOWS\SYSTEM32\DBGHELP.DLL
0x00007ff924260000 - 0x00007ff92428c000 	C:\WINDOWS\SYSTEM32\dbgcore.DLL
0x00007ff933230000 - 0x00007ff9332b2000 	C:\WINDOWS\System32\bcryptPrimitives.dll
0x00007ff90a980000 - 0x00007ff90a9a5000 	C:\Users\Wilson\.p2\pool\plugins\org.eclipse.justj.openjdk.hotspot.jre.full.win32.x86_64_17.0.4.v20220903-1038\jre\bin\java.dll
0x00007ff9189f0000 - 0x00007ff918a08000 	C:\Users\Wilson\.p2\pool\plugins\org.eclipse.justj.openjdk.hotspot.jre.full.win32.x86_64_17.0.4.v20220903-1038\jre\bin\zip.dll
0x00007ff930a40000 - 0x00007ff9311d2000 	C:\WINDOWS\SYSTEM32\windows.storage.dll
0x00007ff9339f0000 - 0x00007ff933d44000 	C:\WINDOWS\System32\combase.dll
0x00007ff9327a0000 - 0x00007ff9327d0000 	C:\WINDOWS\SYSTEM32\Wldp.dll
0x00007ff9355c0000 - 0x00007ff93566d000 	C:\WINDOWS\System32\SHCORE.dll
0x00007ff932cf0000 - 0x00007ff932d0f000 	C:\WINDOWS\SYSTEM32\profapi.dll
0x00007ff918610000 - 0x00007ff918629000 	C:\Users\Wilson\.p2\pool\plugins\org.eclipse.justj.openjdk.hotspot.jre.full.win32.x86_64_17.0.4.v20220903-1038\jre\bin\net.dll
0x00007ff9245b0000 - 0x00007ff9246bc000 	C:\WINDOWS\SYSTEM32\WINHTTP.dll
0x00007ff932490000 - 0x00007ff9324fa000 	C:\WINDOWS\system32\mswsock.dll
0x00007ff918480000 - 0x00007ff918495000 	C:\Users\Wilson\.p2\pool\plugins\org.eclipse.justj.openjdk.hotspot.jre.full.win32.x86_64_17.0.4.v20220903-1038\jre\bin\nio.dll
0x0000022500a80000 - 0x0000022500a83000 	C:\javafx\javafx-sdk-19\bin\api-ms-win-core-console-l1-1-0.dll
0x0000022500a90000 - 0x0000022500a93000 	C:\javafx\javafx-sdk-19\bin\api-ms-win-core-console-l1-2-0.dll
0x0000022500aa0000 - 0x0000022500aa3000 	C:\javafx\javafx-sdk-19\bin\api-ms-win-core-datetime-l1-1-0.dll
0x0000022500ab0000 - 0x0000022500ab3000 	C:\javafx\javafx-sdk-19\bin\api-ms-win-core-debug-l1-1-0.dll
0x0000022500ac0000 - 0x0000022500ac3000 	C:\javafx\javafx-sdk-19\bin\api-ms-win-core-errorhandling-l1-1-0.dll
0x0000022500ad0000 - 0x0000022500ad4000 	C:\javafx\javafx-sdk-19\bin\api-ms-win-core-file-l1-1-0.dll
0x0000022500ae0000 - 0x0000022500ae3000 	C:\javafx\javafx-sdk-19\bin\api-ms-win-core-file-l1-2-0.dll
0x0000022500af0000 - 0x0000022500af3000 	C:\javafx\javafx-sdk-19\bin\api-ms-win-core-file-l2-1-0.dll
0x0000022500b00000 - 0x0000022500b03000 	C:\javafx\javafx-sdk-19\bin\api-ms-win-core-handle-l1-1-0.dll
0x0000022500b10000 - 0x0000022500b13000 	C:\javafx\javafx-sdk-19\bin\api-ms-win-core-heap-l1-1-0.dll
0x0000022500b20000 - 0x0000022500b23000 	C:\javafx\javafx-sdk-19\bin\api-ms-win-core-interlocked-l1-1-0.dll
0x0000022500b30000 - 0x0000022500b33000 	C:\javafx\javafx-sdk-19\bin\api-ms-win-core-libraryloader-l1-1-0.dll
0x0000022500b40000 - 0x0000022500b43000 	C:\javafx\javafx-sdk-19\bin\api-ms-win-core-localization-l1-2-0.dll
0x0000022500b50000 - 0x0000022500b53000 	C:\javafx\javafx-sdk-19\bin\api-ms-win-core-memory-l1-1-0.dll
0x0000022500b60000 - 0x0000022500b63000 	C:\javafx\javafx-sdk-19\bin\api-ms-win-core-namedpipe-l1-1-0.dll
0x0000022500b70000 - 0x0000022500b73000 	C:\javafx\javafx-sdk-19\bin\api-ms-win-core-processenvironment-l1-1-0.dll
0x0000022500b80000 - 0x0000022500b83000 	C:\javafx\javafx-sdk-19\bin\api-ms-win-core-processthreads-l1-1-0.dll
0x0000022500b90000 - 0x0000022500b93000 	C:\javafx\javafx-sdk-19\bin\api-ms-win-core-processthreads-l1-1-1.dll
0x0000022500ba0000 - 0x0000022500ba3000 	C:\javafx\javafx-sdk-19\bin\api-ms-win-core-profile-l1-1-0.dll
0x0000022500bb0000 - 0x0000022500bb3000 	C:\javafx\javafx-sdk-19\bin\api-ms-win-core-rtlsupport-l1-1-0.dll
0x0000022500bc0000 - 0x0000022500bc3000 	C:\javafx\javafx-sdk-19\bin\api-ms-win-core-string-l1-1-0.dll
0x0000022500bd0000 - 0x0000022500bd3000 	C:\javafx\javafx-sdk-19\bin\api-ms-win-core-synch-l1-1-0.dll
0x0000022500be0000 - 0x0000022500be3000 	C:\javafx\javafx-sdk-19\bin\api-ms-win-core-synch-l1-2-0.dll
0x0000022500bf0000 - 0x0000022500bf3000 	C:\javafx\javafx-sdk-19\bin\api-ms-win-core-sysinfo-l1-1-0.dll
0x0000022502000000 - 0x0000022502003000 	C:\javafx\javafx-sdk-19\bin\api-ms-win-core-timezone-l1-1-0.dll
0x0000022502010000 - 0x0000022502013000 	C:\javafx\javafx-sdk-19\bin\api-ms-win-core-util-l1-1-0.dll
0x0000022502020000 - 0x0000022502023000 	C:\javafx\javafx-sdk-19\bin\api-ms-win-crt-conio-l1-1-0.dll
0x0000022502030000 - 0x0000022502034000 	C:\javafx\javafx-sdk-19\bin\api-ms-win-crt-convert-l1-1-0.dll
0x0000022502040000 - 0x0000022502043000 	C:\javafx\javafx-sdk-19\bin\api-ms-win-crt-environment-l1-1-0.dll
0x0000022502050000 - 0x0000022502053000 	C:\javafx\javafx-sdk-19\bin\api-ms-win-crt-filesystem-l1-1-0.dll
0x0000022502060000 - 0x0000022502063000 	C:\javafx\javafx-sdk-19\bin\api-ms-win-crt-heap-l1-1-0.dll
0x0000022502070000 - 0x0000022502073000 	C:\javafx\javafx-sdk-19\bin\api-ms-win-crt-locale-l1-1-0.dll
0x0000022502080000 - 0x0000022502085000 	C:\javafx\javafx-sdk-19\bin\api-ms-win-crt-math-l1-1-0.dll
0x0000022502090000 - 0x0000022502095000 	C:\javafx\javafx-sdk-19\bin\api-ms-win-crt-multibyte-l1-1-0.dll
0x00000225020a0000 - 0x00000225020b0000 	C:\javafx\javafx-sdk-19\bin\api-ms-win-crt-private-l1-1-0.dll
0x00000225020b0000 - 0x00000225020b3000 	C:\javafx\javafx-sdk-19\bin\api-ms-win-crt-process-l1-1-0.dll
0x00000225020c0000 - 0x00000225020c4000 	C:\javafx\javafx-sdk-19\bin\api-ms-win-crt-runtime-l1-1-0.dll
0x00000225020d0000 - 0x00000225020d4000 	C:\javafx\javafx-sdk-19\bin\api-ms-win-crt-stdio-l1-1-0.dll
0x00000225020e0000 - 0x00000225020e4000 	C:\javafx\javafx-sdk-19\bin\api-ms-win-crt-string-l1-1-0.dll
0x00000225020f0000 - 0x00000225020f3000 	C:\javafx\javafx-sdk-19\bin\api-ms-win-crt-time-l1-1-0.dll
0x0000022502100000 - 0x0000022502103000 	C:\javafx\javafx-sdk-19\bin\api-ms-win-crt-utility-l1-1-0.dll
0x00007ff8ebb20000 - 0x00007ff8ebc1c000 	C:\javafx\javafx-sdk-19\bin\ucrtbase.dll
0x00007ff918410000 - 0x00007ff91842b000 	C:\javafx\javafx-sdk-19\bin\vcruntime140.dll
0x00007ff918e40000 - 0x00007ff918e4c000 	C:\javafx\javafx-sdk-19\bin\vcruntime140_1.dll
0x00007ff8edd40000 - 0x00007ff8eddce000 	C:\javafx\javafx-sdk-19\bin\msvcp140.dll
0x00007ff918c40000 - 0x00007ff918c49000 	C:\javafx\javafx-sdk-19\bin\msvcp140_1.dll
0x00007ff90a950000 - 0x00007ff90a980000 	C:\javafx\javafx-sdk-19\bin\msvcp140_2.dll
0x00007ff9040b0000 - 0x00007ff9040dc000 	C:\javafx\javafx-sdk-19\bin\prism_d3d.dll
0x00007ff921b60000 - 0x00007ff921d2f000 	C:\WINDOWS\system32\d3d9.dll
0x00007ff930750000 - 0x00007ff93077f000 	C:\WINDOWS\SYSTEM32\dwmapi.dll
0x00007ff930390000 - 0x00007ff93042e000 	C:\WINDOWS\system32\uxtheme.dll
0x00007ff932950000 - 0x00007ff932962000 	C:\WINDOWS\SYSTEM32\msasn1.dll
0x00007ff9292d0000 - 0x00007ff929301000 	C:\WINDOWS\SYSTEM32\cryptnet.dll
0x00007ff9333e0000 - 0x00007ff933536000 	C:\WINDOWS\System32\CRYPT32.dll
0x00007ff932710000 - 0x00007ff93271c000 	C:\WINDOWS\SYSTEM32\cryptbase.dll
0x00007ff932eb0000 - 0x00007ff932f1a000 	C:\WINDOWS\System32\WINTRUST.DLL
0x00007ff934d50000 - 0x00007ff934d6d000 	C:\WINDOWS\System32\imagehlp.dll
0x00007ff9326f0000 - 0x00007ff932708000 	C:\WINDOWS\SYSTEM32\CRYPTSP.dll
0x00007ff931d40000 - 0x00007ff931d74000 	C:\WINDOWS\system32\rsaenh.dll
0x00007ff933200000 - 0x00007ff933227000 	C:\WINDOWS\System32\bcrypt.dll
0x00007ff906490000 - 0x00007ff9064a2000 	C:\javafx\javafx-sdk-19\bin\prism_sw.dll
0x00007ff900f80000 - 0x00007ff900fc2000 	C:\javafx\javafx-sdk-19\bin\glass.dll
0x00007ff9353d0000 - 0x00007ff9354aa000 	C:\WINDOWS\System32\COMDLG32.dll
0x00007ff9352a0000 - 0x00007ff9353ca000 	C:\WINDOWS\System32\ole32.dll
0x00007ff9354f0000 - 0x00007ff9355bd000 	C:\WINDOWS\System32\OLEAUT32.dll
0x00007ff934ed0000 - 0x00007ff934fe5000 	C:\WINDOWS\System32\MSCTF.dll

dbghelp: loaded successfully - version: 4.0.5 - missing functions: none
symbol engine: initialized successfully - sym options: 0x614 - pdb path: .;C:\Users\Wilson\.p2\pool\plugins\org.eclipse.justj.openjdk.hotspot.jre.full.win32.x86_64_17.0.4.v20220903-1038\jre\bin;C:\WINDOWS\SYSTEM32;C:\Program Files\Avast Software\Avast;C:\WINDOWS\WinSxS\amd64_microsoft.windows.common-controls_6595b64144ccf1df_6.0.19041.1110_none_60b5254171f9507e;C:\Program Files (x86)\360\Total Security\safemon;C:\Users\Wilson\.p2\pool\plugins\org.eclipse.justj.openjdk.hotspot.jre.full.win32.x86_64_17.0.4.v20220903-1038\jre\bin\server;C:\javafx\javafx-sdk-19\bin

VM Arguments:
jvm_args: -Dfile.encoding=UTF-8 --module-path=C:\Users\Wilson\eclipse-workspace\WilsonRodriguez_JuanCamiloMarmolejo_COMPLab5\bin;C:\javafx\javafx-sdk-19\lib\javafx.base.jar;C:\javafx\javafx-sdk-19\lib\javafx.controls.jar;C:\javafx\javafx-sdk-19\lib\javafx.fxml.jar;C:\javafx\javafx-sdk-19\lib\javafx.graphics.jar;C:\javafx\javafx-sdk-19\lib\javafx.media.jar;C:\javafx\javafx-sdk-19\lib\javafx.swing.jar;C:\javafx\javafx-sdk-19\lib\javafx.web.jar;C:\javafx\javafx-sdk-19\lib\javafx-swt.jar;C:\Users\Wilson\.p2\pool\plugins\org.eclipse.fx.ide.css.jfx8_3.8.0.202204150904.jar;C:\Users\Wilson\Downloads\ojdbc6.jar (1)\ojdbc6.jar -XX:+ShowCodeDetailsInExceptionMessages -Djdk.module.main=WilsonRodriguez_JuanCamiloMarmolejo_COMPLab5 
java_command: WilsonRodriguez_JuanCamiloMarmolejo_COMPLab5/application.Main
java_class_path (initial): <not set>
Launcher Type: SUN_STANDARD

[Global flags]
     intx CICompilerCount                          = 4                                         {product} {ergonomic}
     uint ConcGCThreads                            = 2                                         {product} {ergonomic}
     uint G1ConcRefinementThreads                  = 8                                         {product} {ergonomic}
   size_t G1HeapRegionSize                         = 1048576                                   {product} {ergonomic}
    uintx GCDrainStackTargetSize                   = 64                                        {product} {ergonomic}
   size_t InitialHeapSize                          = 132120576                                 {product} {ergonomic}
   size_t MarkStackSize                            = 4194304                                   {product} {ergonomic}
   size_t MaxHeapSize                              = 2109734912                                {product} {ergonomic}
   size_t MaxNewSize                               = 1265631232                                {product} {ergonomic}
   size_t MinHeapDeltaBytes                        = 1048576                                   {product} {ergonomic}
   size_t MinHeapSize                              = 8388608                                   {product} {ergonomic}
    uintx NonNMethodCodeHeapSize                   = 5839372                                {pd product} {ergonomic}
    uintx NonProfiledCodeHeapSize                  = 122909434                              {pd product} {ergonomic}
    uintx ProfiledCodeHeapSize                     = 122909434                              {pd product} {ergonomic}
    uintx ReservedCodeCacheSize                    = 251658240                              {pd product} {ergonomic}
     bool SegmentedCodeCache                       = true                                      {product} {ergonomic}
     bool ShowCodeDetailsInExceptionMessages       = true                                   {manageable} {command line}
   size_t SoftMaxHeapSize                          = 2109734912                             {manageable} {ergonomic}
     bool UseCompressedClassPointers               = true                           {product lp64_product} {ergonomic}
     bool UseCompressedOops                        = true                           {product lp64_product} {ergonomic}
     bool UseG1GC                                  = true                                      {product} {ergonomic}
     bool UseLargePagesIndividualAllocation        = false                                  {pd product} {ergonomic}

Logging:
Log output configuration:
 #0: stdout all=warning uptime,level,tags
 #1: stderr all=off uptime,level,tags

Environment Variables:
PATH=C:/Users/Wilson/.p2/pool/plugins/org.eclipse.justj.openjdk.hotspot.jre.full.win32.x86_64_17.0.4.v20221004-1257/jre/bin/server;C:/Users/Wilson/.p2/pool/plugins/org.eclipse.justj.openjdk.hotspot.jre.full.win32.x86_64_17.0.4.v20221004-1257/jre/bin;C:\Program Files\Common Files\Oracle\Java\javapath;C:\oraclexe\app\oracle\product\11.2.0\server\bin;;C:\ProgramData\Oracle\Java\javapath;C:\Windows\system32;C:\Windows;C:\Windows\System32\Wbem;C:\Windows\System32\WindowsPowerShell\v1.0\;C:\Windows\System32\OpenSSH\;C:\Program Files (x86)\NVIDIA Corporation\PhysX\Common;C:\Program Files\NVIDIA Corporation\NVIDIA NvDLISR;C:\WINDOWS\system32;C:\WINDOWS;C:\WINDOWS\System32\Wbem;C:\WINDOWS\System32\WindowsPowerShell\v1.0\;C:\WINDOWS\System32\OpenSSH\;C:\Program Files\Microsoft SQL Server\Client SDK\ODBC\170\Tools\Binn\;C:\Program Files\Microsoft SQL Server\150\Tools\Binn\;C:\Program Files\dotnet\;C:\Program Files\Git\cmd;C:\Program Files\nodejs\;C:\Users\Wilson\AppData\Local\Programs\Python\Python310\Scripts\;C:\Users\Wilson\AppData\Local\Programs\Python\Python310\;C:\Users\Wilson\AppData\Local\Microsoft\WindowsApps;C:\Users\Wilson\AppData\Local\Programs\Microsoft VS Code\bin;C:\Users\Wilson\.dotnet\tools;C:\Users\Wilson\AppData\Roaming\npm;C:\Program Files\MongoDB\Server\6.0\bin;C:\Program Files\nodejs;C:\Program Files\Git\bin;;C:\Program Files\JetBrains\IntelliJ IDEA Community Edition 2022.2.3\bin;;C:\WINDOWS\system32;
USERNAME=Wilson
OS=Windows_NT
PROCESSOR_IDENTIFIER=Intel64 Family 6 Model 158 Stepping 10, GenuineIntel
TMP=C:\Users\Wilson\AppData\Local\Temp
TEMP=C:\Users\Wilson\AppData\Local\Temp



---------------  S Y S T E M  ---------------

OS:
 Windows 10 , 64 bit Build 19041 (10.0.19041.2251)
OS uptime: 5 days 12:02 hours

CPU: total 8 (initial active 8) (4 cores per cpu, 2 threads per core) family 6 model 158 stepping 10 microcode 0xca, cx8, cmov, fxsr, ht, mmx, 3dnowpref, sse, sse2, sse3, ssse3, sse4.1, sse4.2, popcnt, lzcnt, tsc, tscinvbit, avx, avx2, aes, erms, clmul, bmi1, bmi2, adx, fma, vzeroupper, clflush, clflushopt

Memory: 4k page, system-wide physical 8043M (384M free)
TotalPageFile size 32619M (AvailPageFile size 31M)
current process WorkingSet (physical memory assigned to process): 61M, peak: 61M
current process commit charge ("private bytes"): 212M, peak: 219M

vm_info: OpenJDK 64-Bit Server VM (17.0.4.1+1) for windows-amd64 JRE (17.0.4.1+1), built on Aug 17 2022 07:42:43 by "temurin" with MS VC++ 16.7 (VS2019)

END.
